{"C:\\Users\\hecavus\\Desktop\\Alibazon\\Alibazon\\app.js": {"path":"C:\\Users\\hecavus\\Desktop\\Alibazon\\Alibazon\\app.js","statementMap":{"0":{"start":{"line":1,"column":16},"end":{"line":1,"column":34}},"1":{"start":{"line":2,"column":15},"end":{"line":2,"column":38}},"2":{"start":{"line":3,"column":16},"end":{"line":3,"column":42}},"3":{"start":{"line":4,"column":13},"end":{"line":4,"column":28}},"4":{"start":{"line":5,"column":14},"end":{"line":5,"column":30}},"5":{"start":{"line":7,"column":12},"end":{"line":7,"column":21}},"6":{"start":{"line":8,"column":18},"end":{"line":8,"column":42}},"7":{"start":{"line":9,"column":22},"end":{"line":9,"column":52}},"8":{"start":{"line":10,"column":25},"end":{"line":10,"column":56}},"9":{"start":{"line":11,"column":31},"end":{"line":11,"column":68}},"10":{"start":{"line":12,"column":22},"end":{"line":12,"column":50}},"11":{"start":{"line":14,"column":0},"end":{"line":14,"column":48}},"12":{"start":{"line":15,"column":0},"end":{"line":15,"column":29}},"13":{"start":{"line":20,"column":0},"end":{"line":27,"column":3}},"14":{"start":{"line":28,"column":0},"end":{"line":28,"column":38}},"15":{"start":{"line":31,"column":0},"end":{"line":31,"column":42}},"16":{"start":{"line":32,"column":0},"end":{"line":32,"column":42}},"17":{"start":{"line":35,"column":0},"end":{"line":35,"column":40}},"18":{"start":{"line":36,"column":0},"end":{"line":39,"column":3}},"19":{"start":{"line":37,"column":4},"end":{"line":37,"column":25}},"20":{"start":{"line":38,"column":4},"end":{"line":38,"column":31}},"21":{"start":{"line":41,"column":0},"end":{"line":41,"column":24}},"22":{"start":{"line":42,"column":0},"end":{"line":42,"column":27}},"23":{"start":{"line":43,"column":0},"end":{"line":43,"column":37}},"24":{"start":{"line":44,"column":0},"end":{"line":44,"column":41}},"25":{"start":{"line":45,"column":0},"end":{"line":45,"column":53}},"26":{"start":{"line":46,"column":0},"end":{"line":46,"column":35}},"27":{"start":{"line":48,"column":0},"end":{"line":50,"column":3}},"28":{"start":{"line":49,"column":2},"end":{"line":49,"column":23}},"29":{"start":{"line":51,"column":0},"end":{"line":51,"column":20}},"30":{"start":{"line":54,"column":0},"end":{"line":54,"column":17}}},"fnMap":{"0":{"name":"onError","decl":{"start":{"line":36,"column":17},"end":{"line":36,"column":24}},"loc":{"start":{"line":36,"column":46},"end":{"line":39,"column":1}},"line":36},"1":{"name":"(anonymous_1)","decl":{"start":{"line":48,"column":13},"end":{"line":48,"column":14}},"loc":{"start":{"line":48,"column":32},"end":{"line":50,"column":1}},"line":48}},"branchMap":{},"s":{"0":1,"1":1,"2":1,"3":1,"4":1,"5":1,"6":1,"7":1,"8":1,"9":1,"10":1,"11":1,"12":1,"13":1,"14":1,"15":1,"16":1,"17":1,"18":1,"19":0,"20":0,"21":1,"22":1,"23":1,"24":1,"25":1,"26":1,"27":1,"28":0,"29":1,"30":1},"f":{"0":0,"1":0},"b":{},"_coverageSchema":"1a1c01bbd47fc00a2c39e90264f33305004495a9","hash":"cb907c9859a2c2187d954b200fc7b4b3cb35af6b"}
,"C:\\Users\\hecavus\\Desktop\\Alibazon\\Alibazon\\controllers\\categories.js": {"path":"C:\\Users\\hecavus\\Desktop\\Alibazon\\Alibazon\\controllers\\categories.js","statementMap":{"0":{"start":{"line":1,"column":14},"end":{"line":1,"column":30}},"1":{"start":{"line":2,"column":19},"end":{"line":2,"column":50}},"2":{"start":{"line":4,"column":18},"end":{"line":4,"column":80}},"3":{"start":{"line":5,"column":16},"end":{"line":10,"column":1}},"4":{"start":{"line":12,"column":11},"end":{"line":12,"column":13}},"5":{"start":{"line":13,"column":20},"end":{"line":13,"column":22}},"6":{"start":{"line":14,"column":0},"end":{"line":50,"column":1}},"7":{"start":{"line":16,"column":16},"end":{"line":16,"column":37}},"8":{"start":{"line":17,"column":2},"end":{"line":17,"column":78}},"9":{"start":{"line":19,"column":2},"end":{"line":48,"column":5}},"10":{"start":{"line":21,"column":4},"end":{"line":24,"column":7}},"11":{"start":{"line":23,"column":6},"end":{"line":23,"column":20}},"12":{"start":{"line":26,"column":4},"end":{"line":47,"column":7}},"13":{"start":{"line":28,"column":6},"end":{"line":28,"column":30}},"14":{"start":{"line":29,"column":6},"end":{"line":37,"column":7}},"15":{"start":{"line":29,"column":19},"end":{"line":29,"column":20}},"16":{"start":{"line":31,"column":23},"end":{"line":31,"column":151}},"17":{"start":{"line":33,"column":8},"end":{"line":36,"column":9}},"18":{"start":{"line":35,"column":10},"end":{"line":35,"column":38}},"19":{"start":{"line":38,"column":6},"end":{"line":43,"column":9}},"20":{"start":{"line":45,"column":6},"end":{"line":45,"column":16}},"21":{"start":{"line":46,"column":6},"end":{"line":46,"column":25}}},"fnMap":{"0":{"name":"(anonymous_0)","decl":{"start":{"line":14,"column":25},"end":{"line":14,"column":26}},"loc":{"start":{"line":15,"column":0},"end":{"line":50,"column":1}},"line":15},"1":{"name":"(anonymous_1)","decl":{"start":{"line":19,"column":21},"end":{"line":19,"column":22}},"loc":{"start":{"line":20,"column":2},"end":{"line":48,"column":3}},"line":20},"2":{"name":"(anonymous_2)","decl":{"start":{"line":21,"column":20},"end":{"line":21,"column":21}},"loc":{"start":{"line":22,"column":4},"end":{"line":24,"column":5}},"line":22},"3":{"name":"(anonymous_3)","decl":{"start":{"line":26,"column":19},"end":{"line":26,"column":20}},"loc":{"start":{"line":27,"column":4},"end":{"line":47,"column":5}},"line":27}},"branchMap":{"0":{"loc":{"start":{"line":33,"column":8},"end":{"line":36,"column":9}},"type":"if","locations":[{"start":{"line":33,"column":8},"end":{"line":36,"column":9}},{"start":{},"end":{}}],"line":33}},"s":{"0":1,"1":1,"2":1,"3":1,"4":1,"5":1,"6":1,"7":2,"8":2,"9":2,"10":2,"11":2,"12":2,"13":2,"14":2,"15":2,"16":5,"17":5,"18":4,"19":2,"20":2,"21":2},"f":{"0":2,"1":2,"2":2,"3":2},"b":{"0":[4,1]},"_coverageSchema":"1a1c01bbd47fc00a2c39e90264f33305004495a9","hash":"ebcd95202d5f25ea88e03743766e1aaa08325ff2"}
,"C:\\Users\\hecavus\\Desktop\\Alibazon\\Alibazon\\controllers\\home.js": {"path":"C:\\Users\\hecavus\\Desktop\\Alibazon\\Alibazon\\controllers\\home.js","statementMap":{"0":{"start":{"line":1,"column":14},"end":{"line":1,"column":30}},"1":{"start":{"line":2,"column":19},"end":{"line":2,"column":50}},"2":{"start":{"line":4,"column":18},"end":{"line":4,"column":80}},"3":{"start":{"line":5,"column":16},"end":{"line":10,"column":1}},"4":{"start":{"line":13,"column":9},"end":{"line":13,"column":11}},"5":{"start":{"line":14,"column":20},"end":{"line":14,"column":22}},"6":{"start":{"line":15,"column":0},"end":{"line":44,"column":2}},"7":{"start":{"line":17,"column":2},"end":{"line":43,"column":5}},"8":{"start":{"line":18,"column":4},"end":{"line":20,"column":7}},"9":{"start":{"line":19,"column":6},"end":{"line":19,"column":20}},"10":{"start":{"line":22,"column":4},"end":{"line":41,"column":7}},"11":{"start":{"line":23,"column":6},"end":{"line":23,"column":30}},"12":{"start":{"line":24,"column":6},"end":{"line":31,"column":7}},"13":{"start":{"line":24,"column":19},"end":{"line":24,"column":20}},"14":{"start":{"line":25,"column":8},"end":{"line":30,"column":9}},"15":{"start":{"line":26,"column":25},"end":{"line":26,"column":153}},"16":{"start":{"line":27,"column":8},"end":{"line":29,"column":9}},"17":{"start":{"line":28,"column":10},"end":{"line":28,"column":38}},"18":{"start":{"line":32,"column":6},"end":{"line":36,"column":9}},"19":{"start":{"line":38,"column":6},"end":{"line":38,"column":15}},"20":{"start":{"line":39,"column":6},"end":{"line":39,"column":25}}},"fnMap":{"0":{"name":"(anonymous_0)","decl":{"start":{"line":15,"column":20},"end":{"line":15,"column":21}},"loc":{"start":{"line":15,"column":34},"end":{"line":44,"column":1}},"line":15},"1":{"name":"(anonymous_1)","decl":{"start":{"line":17,"column":20},"end":{"line":17,"column":21}},"loc":{"start":{"line":17,"column":27},"end":{"line":43,"column":3}},"line":17},"2":{"name":"(anonymous_2)","decl":{"start":{"line":18,"column":20},"end":{"line":18,"column":21}},"loc":{"start":{"line":18,"column":31},"end":{"line":20,"column":5}},"line":18},"3":{"name":"(anonymous_3)","decl":{"start":{"line":22,"column":19},"end":{"line":22,"column":20}},"loc":{"start":{"line":22,"column":24},"end":{"line":41,"column":5}},"line":22}},"branchMap":{"0":{"loc":{"start":{"line":25,"column":8},"end":{"line":30,"column":9}},"type":"if","locations":[{"start":{"line":25,"column":8},"end":{"line":30,"column":9}},{"start":{},"end":{}}],"line":25},"1":{"loc":{"start":{"line":25,"column":11},"end":{"line":25,"column":87}},"type":"binary-expr","locations":[{"start":{"line":25,"column":11},"end":{"line":25,"column":46}},{"start":{"line":25,"column":50},"end":{"line":25,"column":87}}],"line":25},"2":{"loc":{"start":{"line":27,"column":8},"end":{"line":29,"column":9}},"type":"if","locations":[{"start":{"line":27,"column":8},"end":{"line":29,"column":9}},{"start":{},"end":{}}],"line":27}},"s":{"0":1,"1":1,"2":1,"3":1,"4":1,"5":1,"6":1,"7":1,"8":1,"9":2,"10":1,"11":1,"12":1,"13":1,"14":26,"15":5,"16":5,"17":4,"18":1,"19":1,"20":1},"f":{"0":1,"1":1,"2":2,"3":1},"b":{"0":[5,21],"1":[26,24],"2":[4,1]},"_coverageSchema":"1a1c01bbd47fc00a2c39e90264f33305004495a9","hash":"b2b566416496de5018ef38873d02df50c72dd2f3"}
,"C:\\Users\\hecavus\\Desktop\\Alibazon\\Alibazon\\controllers\\products.js": {"path":"C:\\Users\\hecavus\\Desktop\\Alibazon\\Alibazon\\controllers\\products.js","statementMap":{"0":{"start":{"line":1,"column":14},"end":{"line":1,"column":30}},"1":{"start":{"line":2,"column":17},"end":{"line":2,"column":46}},"2":{"start":{"line":4,"column":18},"end":{"line":4,"column":80}},"3":{"start":{"line":5,"column":16},"end":{"line":10,"column":1}},"4":{"start":{"line":12,"column":9},"end":{"line":12,"column":11}},"5":{"start":{"line":13,"column":19},"end":{"line":13,"column":21}},"6":{"start":{"line":15,"column":0},"end":{"line":43,"column":1}},"7":{"start":{"line":16,"column":19},"end":{"line":16,"column":39}},"8":{"start":{"line":17,"column":4},"end":{"line":17,"column":84}},"9":{"start":{"line":19,"column":4},"end":{"line":42,"column":7}},"10":{"start":{"line":20,"column":8},"end":{"line":22,"column":11}},"11":{"start":{"line":21,"column":10},"end":{"line":21,"column":24}},"12":{"start":{"line":24,"column":8},"end":{"line":41,"column":11}},"13":{"start":{"line":25,"column":10},"end":{"line":25,"column":34}},"14":{"start":{"line":26,"column":10},"end":{"line":30,"column":11}},"15":{"start":{"line":26,"column":23},"end":{"line":26,"column":24}},"16":{"start":{"line":27,"column":26},"end":{"line":28,"column":151}},"17":{"start":{"line":29,"column":12},"end":{"line":29,"column":39}},"18":{"start":{"line":32,"column":10},"end":{"line":37,"column":13}},"19":{"start":{"line":39,"column":10},"end":{"line":39,"column":19}},"20":{"start":{"line":40,"column":10},"end":{"line":40,"column":28}}},"fnMap":{"0":{"name":"(anonymous_0)","decl":{"start":{"line":15,"column":21},"end":{"line":15,"column":22}},"loc":{"start":{"line":15,"column":33},"end":{"line":43,"column":1}},"line":15},"1":{"name":"(anonymous_1)","decl":{"start":{"line":19,"column":22},"end":{"line":19,"column":23}},"loc":{"start":{"line":19,"column":29},"end":{"line":42,"column":5}},"line":19},"2":{"name":"(anonymous_2)","decl":{"start":{"line":20,"column":24},"end":{"line":20,"column":25}},"loc":{"start":{"line":20,"column":35},"end":{"line":22,"column":9}},"line":20},"3":{"name":"(anonymous_3)","decl":{"start":{"line":24,"column":23},"end":{"line":24,"column":24}},"loc":{"start":{"line":24,"column":28},"end":{"line":41,"column":9}},"line":24}},"branchMap":{},"s":{"0":1,"1":1,"2":1,"3":1,"4":1,"5":1,"6":1,"7":1,"8":1,"9":1,"10":1,"11":1,"12":1,"13":1,"14":1,"15":1,"16":1,"17":1,"18":1,"19":1,"20":1},"f":{"0":1,"1":1,"2":1,"3":1},"b":{},"_coverageSchema":"1a1c01bbd47fc00a2c39e90264f33305004495a9","hash":"2050bebaa1e72bcdc31a26541e2778cf20ad3e4e"}
,"C:\\Users\\hecavus\\Desktop\\Alibazon\\Alibazon\\controllers\\subcategory.js": {"path":"C:\\Users\\hecavus\\Desktop\\Alibazon\\Alibazon\\controllers\\subcategory.js","statementMap":{"0":{"start":{"line":1,"column":14},"end":{"line":1,"column":30}},"1":{"start":{"line":2,"column":19},"end":{"line":2,"column":50}},"2":{"start":{"line":4,"column":18},"end":{"line":4,"column":80}},"3":{"start":{"line":5,"column":16},"end":{"line":10,"column":1}},"4":{"start":{"line":13,"column":9},"end":{"line":13,"column":11}},"5":{"start":{"line":14,"column":20},"end":{"line":14,"column":22}},"6":{"start":{"line":15,"column":0},"end":{"line":44,"column":1}},"7":{"start":{"line":16,"column":18},"end":{"line":16,"column":39}},"8":{"start":{"line":17,"column":4},"end":{"line":17,"column":74}},"9":{"start":{"line":19,"column":4},"end":{"line":43,"column":7}},"10":{"start":{"line":20,"column":8},"end":{"line":22,"column":11}},"11":{"start":{"line":21,"column":10},"end":{"line":21,"column":24}},"12":{"start":{"line":24,"column":8},"end":{"line":42,"column":11}},"13":{"start":{"line":25,"column":10},"end":{"line":25,"column":34}},"14":{"start":{"line":26,"column":10},"end":{"line":31,"column":11}},"15":{"start":{"line":26,"column":23},"end":{"line":26,"column":24}},"16":{"start":{"line":27,"column":27},"end":{"line":27,"column":155}},"17":{"start":{"line":28,"column":12},"end":{"line":30,"column":13}},"18":{"start":{"line":29,"column":14},"end":{"line":29,"column":42}},"19":{"start":{"line":33,"column":10},"end":{"line":38,"column":13}},"20":{"start":{"line":40,"column":10},"end":{"line":40,"column":19}},"21":{"start":{"line":41,"column":10},"end":{"line":41,"column":29}}},"fnMap":{"0":{"name":"(anonymous_0)","decl":{"start":{"line":15,"column":25},"end":{"line":15,"column":26}},"loc":{"start":{"line":15,"column":37},"end":{"line":44,"column":1}},"line":15},"1":{"name":"(anonymous_1)","decl":{"start":{"line":19,"column":22},"end":{"line":19,"column":23}},"loc":{"start":{"line":19,"column":29},"end":{"line":43,"column":5}},"line":19},"2":{"name":"(anonymous_2)","decl":{"start":{"line":20,"column":24},"end":{"line":20,"column":25}},"loc":{"start":{"line":20,"column":35},"end":{"line":22,"column":9}},"line":20},"3":{"name":"(anonymous_3)","decl":{"start":{"line":24,"column":23},"end":{"line":24,"column":24}},"loc":{"start":{"line":24,"column":28},"end":{"line":42,"column":9}},"line":24}},"branchMap":{"0":{"loc":{"start":{"line":28,"column":12},"end":{"line":30,"column":13}},"type":"if","locations":[{"start":{"line":28,"column":12},"end":{"line":30,"column":13}},{"start":{},"end":{}}],"line":28}},"s":{"0":1,"1":1,"2":1,"3":1,"4":1,"5":1,"6":1,"7":2,"8":2,"9":2,"10":2,"11":2,"12":2,"13":2,"14":2,"15":2,"16":11,"17":11,"18":9,"19":2,"20":2,"21":2},"f":{"0":2,"1":2,"2":2,"3":2},"b":{"0":[9,2]},"_coverageSchema":"1a1c01bbd47fc00a2c39e90264f33305004495a9","hash":"89bae1601372e1c3ba8caeb64205dd0ffde8a26d"}
,"C:\\Users\\hecavus\\Desktop\\Alibazon\\Alibazon\\controllers\\subcategoryDetail.js": {"path":"C:\\Users\\hecavus\\Desktop\\Alibazon\\Alibazon\\controllers\\subcategoryDetail.js","statementMap":{"0":{"start":{"line":1,"column":14},"end":{"line":1,"column":30}},"1":{"start":{"line":2,"column":17},"end":{"line":2,"column":46}},"2":{"start":{"line":4,"column":18},"end":{"line":4,"column":80}},"3":{"start":{"line":5,"column":16},"end":{"line":10,"column":1}},"4":{"start":{"line":12,"column":9},"end":{"line":12,"column":11}},"5":{"start":{"line":13,"column":19},"end":{"line":13,"column":21}},"6":{"start":{"line":15,"column":0},"end":{"line":42,"column":1}},"7":{"start":{"line":16,"column":18},"end":{"line":16,"column":39}},"8":{"start":{"line":17,"column":4},"end":{"line":17,"column":100}},"9":{"start":{"line":19,"column":4},"end":{"line":41,"column":7}},"10":{"start":{"line":20,"column":8},"end":{"line":22,"column":11}},"11":{"start":{"line":21,"column":10},"end":{"line":21,"column":24}},"12":{"start":{"line":24,"column":8},"end":{"line":40,"column":11}},"13":{"start":{"line":25,"column":10},"end":{"line":25,"column":34}},"14":{"start":{"line":26,"column":10},"end":{"line":30,"column":11}},"15":{"start":{"line":26,"column":23},"end":{"line":26,"column":24}},"16":{"start":{"line":27,"column":26},"end":{"line":28,"column":151}},"17":{"start":{"line":29,"column":12},"end":{"line":29,"column":39}},"18":{"start":{"line":31,"column":10},"end":{"line":36,"column":13}},"19":{"start":{"line":38,"column":10},"end":{"line":38,"column":19}},"20":{"start":{"line":39,"column":10},"end":{"line":39,"column":28}}},"fnMap":{"0":{"name":"(anonymous_0)","decl":{"start":{"line":15,"column":22},"end":{"line":15,"column":23}},"loc":{"start":{"line":15,"column":34},"end":{"line":42,"column":1}},"line":15},"1":{"name":"(anonymous_1)","decl":{"start":{"line":19,"column":22},"end":{"line":19,"column":23}},"loc":{"start":{"line":19,"column":29},"end":{"line":41,"column":5}},"line":19},"2":{"name":"(anonymous_2)","decl":{"start":{"line":20,"column":24},"end":{"line":20,"column":25}},"loc":{"start":{"line":20,"column":35},"end":{"line":22,"column":9}},"line":20},"3":{"name":"(anonymous_3)","decl":{"start":{"line":24,"column":23},"end":{"line":24,"column":24}},"loc":{"start":{"line":24,"column":28},"end":{"line":40,"column":9}},"line":24}},"branchMap":{},"s":{"0":1,"1":1,"2":1,"3":1,"4":1,"5":1,"6":1,"7":2,"8":2,"9":2,"10":2,"11":21,"12":2,"13":2,"14":2,"15":2,"16":31,"17":31,"18":2,"19":2,"20":2},"f":{"0":2,"1":2,"2":21,"3":2},"b":{},"_coverageSchema":"1a1c01bbd47fc00a2c39e90264f33305004495a9","hash":"6ab4b430e65e882d3315c0842582a5779cb088a1"}
,"C:\\Users\\hecavus\\Desktop\\Alibazon\\Alibazon\\models\\categories.js": {"path":"C:\\Users\\hecavus\\Desktop\\Alibazon\\Alibazon\\models\\categories.js","statementMap":{"0":{"start":{"line":3,"column":8},"end":{"line":3,"column":26}},"1":{"start":{"line":4,"column":8},"end":{"line":4,"column":22}},"2":{"start":{"line":5,"column":8},"end":{"line":5,"column":21}},"3":{"start":{"line":6,"column":8},"end":{"line":6,"column":25}},"4":{"start":{"line":7,"column":8},"end":{"line":7,"column":49}},"5":{"start":{"line":8,"column":8},"end":{"line":8,"column":37}},"6":{"start":{"line":9,"column":8},"end":{"line":9,"column":53}},"7":{"start":{"line":12,"column":0},"end":{"line":12,"column":27}}},"fnMap":{"0":{"name":"(anonymous_0)","decl":{"start":{"line":2,"column":4},"end":{"line":2,"column":5}},"loc":{"start":{"line":2,"column":87},"end":{"line":10,"column":5}},"line":2}},"branchMap":{},"s":{"0":21,"1":21,"2":21,"3":21,"4":21,"5":21,"6":21,"7":1},"f":{"0":21},"b":{},"_coverageSchema":"1a1c01bbd47fc00a2c39e90264f33305004495a9","hash":"5a9dfe771dab16e7c837bd2b24ea4ac6e3225bab"}
,"C:\\Users\\hecavus\\Desktop\\Alibazon\\Alibazon\\models\\products.js": {"path":"C:\\Users\\hecavus\\Desktop\\Alibazon\\Alibazon\\models\\products.js","statementMap":{"0":{"start":{"line":3,"column":8},"end":{"line":3,"column":33}},"1":{"start":{"line":4,"column":8},"end":{"line":4,"column":21}},"2":{"start":{"line":5,"column":8},"end":{"line":5,"column":41}},"3":{"start":{"line":6,"column":8},"end":{"line":6,"column":49}},"4":{"start":{"line":7,"column":8},"end":{"line":7,"column":29}},"5":{"start":{"line":8,"column":8},"end":{"line":8,"column":25}},"6":{"start":{"line":9,"column":8},"end":{"line":9,"column":35}},"7":{"start":{"line":10,"column":8},"end":{"line":10,"column":49}},"8":{"start":{"line":11,"column":8},"end":{"line":11,"column":37}},"9":{"start":{"line":12,"column":8},"end":{"line":12,"column":27}},"10":{"start":{"line":13,"column":8},"end":{"line":13,"column":35}},"11":{"start":{"line":14,"column":8},"end":{"line":14,"column":55}},"12":{"start":{"line":15,"column":8},"end":{"line":15,"column":51}},"13":{"start":{"line":18,"column":0},"end":{"line":18,"column":26}}},"fnMap":{"0":{"name":"(anonymous_0)","decl":{"start":{"line":2,"column":4},"end":{"line":2,"column":5}},"loc":{"start":{"line":2,"column":174},"end":{"line":16,"column":5}},"line":2}},"branchMap":{},"s":{"0":32,"1":32,"2":32,"3":32,"4":32,"5":32,"6":32,"7":32,"8":32,"9":32,"10":32,"11":32,"12":32,"13":1},"f":{"0":32},"b":{},"_coverageSchema":"1a1c01bbd47fc00a2c39e90264f33305004495a9","hash":"fb6f228a11b3e16af306088574afd12b18169fd8"}
,"C:\\Users\\hecavus\\Desktop\\Alibazon\\Alibazon\\routes\\categories.js": {"path":"C:\\Users\\hecavus\\Desktop\\Alibazon\\Alibazon\\routes\\categories.js","statementMap":{"0":{"start":{"line":1,"column":16},"end":{"line":1,"column":34}},"1":{"start":{"line":2,"column":16},"end":{"line":2,"column":32}},"2":{"start":{"line":3,"column":30},"end":{"line":3,"column":66}},"3":{"start":{"line":5,"column":0},"end":{"line":5,"column":65}},"4":{"start":{"line":7,"column":0},"end":{"line":7,"column":24}}},"fnMap":{},"branchMap":{},"s":{"0":1,"1":1,"2":1,"3":1,"4":1},"f":{},"b":{},"_coverageSchema":"1a1c01bbd47fc00a2c39e90264f33305004495a9","hash":"35ab4a9f9836b1e2e4778435d6af3e15bd7903c8"}
,"C:\\Users\\hecavus\\Desktop\\Alibazon\\Alibazon\\routes\\home.js": {"path":"C:\\Users\\hecavus\\Desktop\\Alibazon\\Alibazon\\routes\\home.js","statementMap":{"0":{"start":{"line":1,"column":16},"end":{"line":1,"column":34}},"1":{"start":{"line":2,"column":16},"end":{"line":2,"column":32}},"2":{"start":{"line":3,"column":23},"end":{"line":3,"column":53}},"3":{"start":{"line":5,"column":0},"end":{"line":5,"column":42}},"4":{"start":{"line":6,"column":0},"end":{"line":6,"column":24}}},"fnMap":{},"branchMap":{},"s":{"0":1,"1":1,"2":1,"3":1,"4":1},"f":{},"b":{},"_coverageSchema":"1a1c01bbd47fc00a2c39e90264f33305004495a9","hash":"4ab16d146b113c072ea188f28f8da6c581a3c51a"}
,"C:\\Users\\hecavus\\Desktop\\Alibazon\\Alibazon\\routes\\products.js": {"path":"C:\\Users\\hecavus\\Desktop\\Alibazon\\Alibazon\\routes\\products.js","statementMap":{"0":{"start":{"line":1,"column":16},"end":{"line":1,"column":34}},"1":{"start":{"line":2,"column":16},"end":{"line":2,"column":32}},"2":{"start":{"line":3,"column":26},"end":{"line":3,"column":60}},"3":{"start":{"line":5,"column":0},"end":{"line":5,"column":56}},"4":{"start":{"line":8,"column":0},"end":{"line":8,"column":24}}},"fnMap":{},"branchMap":{},"s":{"0":1,"1":1,"2":1,"3":1,"4":1},"f":{},"b":{},"_coverageSchema":"1a1c01bbd47fc00a2c39e90264f33305004495a9","hash":"14214bfb8e2b0fc02bc7b97f7106a97b96631436"}
,"C:\\Users\\hecavus\\Desktop\\Alibazon\\Alibazon\\routes\\subcategory.js": {"path":"C:\\Users\\hecavus\\Desktop\\Alibazon\\Alibazon\\routes\\subcategory.js","statementMap":{"0":{"start":{"line":1,"column":16},"end":{"line":1,"column":34}},"1":{"start":{"line":2,"column":16},"end":{"line":2,"column":32}},"2":{"start":{"line":3,"column":30},"end":{"line":3,"column":67}},"3":{"start":{"line":5,"column":0},"end":{"line":5,"column":65}},"4":{"start":{"line":8,"column":0},"end":{"line":8,"column":24}}},"fnMap":{},"branchMap":{},"s":{"0":1,"1":1,"2":1,"3":1,"4":1},"f":{},"b":{},"_coverageSchema":"1a1c01bbd47fc00a2c39e90264f33305004495a9","hash":"3725dac77ec39ff2606e61c32414a527892bbaa5"}
,"C:\\Users\\hecavus\\Desktop\\Alibazon\\Alibazon\\routes\\subcategoryDetail.js": {"path":"C:\\Users\\hecavus\\Desktop\\Alibazon\\Alibazon\\routes\\subcategoryDetail.js","statementMap":{"0":{"start":{"line":1,"column":16},"end":{"line":1,"column":34}},"1":{"start":{"line":2,"column":16},"end":{"line":2,"column":32}},"2":{"start":{"line":3,"column":30},"end":{"line":3,"column":73}},"3":{"start":{"line":5,"column":0},"end":{"line":5,"column":62}},"4":{"start":{"line":8,"column":0},"end":{"line":8,"column":24}}},"fnMap":{},"branchMap":{},"s":{"0":1,"1":1,"2":1,"3":1,"4":1},"f":{},"b":{},"_coverageSchema":"1a1c01bbd47fc00a2c39e90264f33305004495a9","hash":"4460e6cc5207635400e8e2a1bc1613e6cb03dceb"}
}
