{"C:\\Users\\hakan\\Desktop\\Alibazon\\app.js": {"path":"C:\\Users\\hakan\\Desktop\\Alibazon\\app.js","statementMap":{"0":{"start":{"line":1,"column":16},"end":{"line":1,"column":34}},"1":{"start":{"line":2,"column":15},"end":{"line":2,"column":38}},"2":{"start":{"line":3,"column":16},"end":{"line":3,"column":42}},"3":{"start":{"line":4,"column":13},"end":{"line":4,"column":28}},"4":{"start":{"line":5,"column":14},"end":{"line":5,"column":30}},"5":{"start":{"line":6,"column":13},"end":{"line":6,"column":37}},"6":{"start":{"line":8,"column":12},"end":{"line":8,"column":21}},"7":{"start":{"line":9,"column":19},"end":{"line":9,"column":43}},"8":{"start":{"line":10,"column":22},"end":{"line":10,"column":50}},"9":{"start":{"line":11,"column":18},"end":{"line":11,"column":42}},"10":{"start":{"line":12,"column":22},"end":{"line":12,"column":52}},"11":{"start":{"line":13,"column":25},"end":{"line":13,"column":56}},"12":{"start":{"line":14,"column":31},"end":{"line":14,"column":68}},"13":{"start":{"line":15,"column":22},"end":{"line":15,"column":50}},"14":{"start":{"line":17,"column":0},"end":{"line":17,"column":48}},"15":{"start":{"line":18,"column":0},"end":{"line":18,"column":29}},"16":{"start":{"line":23,"column":0},"end":{"line":30,"column":3}},"17":{"start":{"line":31,"column":0},"end":{"line":31,"column":38}},"18":{"start":{"line":32,"column":0},"end":{"line":32,"column":48}},"19":{"start":{"line":33,"column":0},"end":{"line":33,"column":24}},"20":{"start":{"line":35,"column":0},"end":{"line":35,"column":42}},"21":{"start":{"line":36,"column":0},"end":{"line":36,"column":42}},"22":{"start":{"line":40,"column":0},"end":{"line":40,"column":40}},"23":{"start":{"line":41,"column":0},"end":{"line":44,"column":3}},"24":{"start":{"line":42,"column":4},"end":{"line":42,"column":25}},"25":{"start":{"line":43,"column":4},"end":{"line":43,"column":31}},"26":{"start":{"line":46,"column":0},"end":{"line":46,"column":24}},"27":{"start":{"line":47,"column":0},"end":{"line":47,"column":29}},"28":{"start":{"line":48,"column":0},"end":{"line":48,"column":35}},"29":{"start":{"line":49,"column":0},"end":{"line":49,"column":27}},"30":{"start":{"line":50,"column":0},"end":{"line":50,"column":37}},"31":{"start":{"line":51,"column":0},"end":{"line":51,"column":41}},"32":{"start":{"line":52,"column":0},"end":{"line":52,"column":53}},"33":{"start":{"line":53,"column":0},"end":{"line":53,"column":35}},"34":{"start":{"line":55,"column":0},"end":{"line":57,"column":3}},"35":{"start":{"line":56,"column":2},"end":{"line":56,"column":24}},"36":{"start":{"line":58,"column":0},"end":{"line":58,"column":20}},"37":{"start":{"line":61,"column":0},"end":{"line":61,"column":17}}},"fnMap":{"0":{"name":"onError","decl":{"start":{"line":41,"column":17},"end":{"line":41,"column":24}},"loc":{"start":{"line":41,"column":46},"end":{"line":44,"column":1}},"line":41},"1":{"name":"(anonymous_1)","decl":{"start":{"line":55,"column":13},"end":{"line":55,"column":14}},"loc":{"start":{"line":55,"column":32},"end":{"line":57,"column":1}},"line":55}},"branchMap":{"0":{"loc":{"start":{"line":6,"column":13},"end":{"line":6,"column":37}},"type":"binary-expr","locations":[{"start":{"line":6,"column":13},"end":{"line":6,"column":29}},{"start":{"line":6,"column":33},"end":{"line":6,"column":37}}],"line":6}},"s":{"0":1,"1":1,"2":1,"3":1,"4":1,"5":1,"6":1,"7":1,"8":1,"9":1,"10":1,"11":1,"12":1,"13":1,"14":1,"15":1,"16":1,"17":1,"18":1,"19":1,"20":1,"21":1,"22":1,"23":1,"24":0,"25":0,"26":1,"27":1,"28":1,"29":1,"30":1,"31":1,"32":1,"33":1,"34":1,"35":0,"36":1,"37":1},"f":{"0":0,"1":0},"b":{"0":[1,1]},"_coverageSchema":"1a1c01bbd47fc00a2c39e90264f33305004495a9","hash":"d4b8e996370834c1188d642043d612dd8278f1b8"}
,"C:\\Users\\hakan\\Desktop\\Alibazon\\controllers\\auth.js": {"path":"C:\\Users\\hakan\\Desktop\\Alibazon\\controllers\\auth.js","statementMap":{"0":{"start":{"line":1,"column":14},"end":{"line":1,"column":30}},"1":{"start":{"line":2,"column":18},"end":{"line":2,"column":80}},"2":{"start":{"line":3,"column":16},"end":{"line":11,"column":1}},"3":{"start":{"line":13,"column":0},"end":{"line":19,"column":4}},"4":{"start":{"line":14,"column":4},"end":{"line":18,"column":7}},"5":{"start":{"line":21,"column":11},"end":{"line":21,"column":13}},"6":{"start":{"line":22,"column":12},"end":{"line":22,"column":14}},"7":{"start":{"line":23,"column":2},"end":{"line":56,"column":4}},"8":{"start":{"line":24,"column":17},"end":{"line":28,"column":4}},"9":{"start":{"line":30,"column":12},"end":{"line":44,"column":4}},"10":{"start":{"line":32,"column":4},"end":{"line":35,"column":7}},"11":{"start":{"line":33,"column":6},"end":{"line":33,"column":30}},"12":{"start":{"line":34,"column":6},"end":{"line":34,"column":15}},"13":{"start":{"line":36,"column":4},"end":{"line":38,"column":7}},"14":{"start":{"line":37,"column":6},"end":{"line":37,"column":30}},"15":{"start":{"line":39,"column":4},"end":{"line":39,"column":14}},"16":{"start":{"line":40,"column":4},"end":{"line":42,"column":5}},"17":{"start":{"line":41,"column":6},"end":{"line":41,"column":28}},"18":{"start":{"line":46,"column":2},"end":{"line":48,"column":5}},"19":{"start":{"line":47,"column":4},"end":{"line":47,"column":21}},"20":{"start":{"line":50,"column":2},"end":{"line":50,"column":22}},"21":{"start":{"line":51,"column":2},"end":{"line":51,"column":12}},"22":{"start":{"line":54,"column":2},"end":{"line":54,"column":12}},"23":{"start":{"line":55,"column":2},"end":{"line":55,"column":11}},"24":{"start":{"line":58,"column":2},"end":{"line":64,"column":4}},"25":{"start":{"line":59,"column":4},"end":{"line":63,"column":7}},"26":{"start":{"line":65,"column":0},"end":{"line":100,"column":2}},"27":{"start":{"line":66,"column":17},"end":{"line":71,"column":4}},"28":{"start":{"line":72,"column":2},"end":{"line":72,"column":35}},"29":{"start":{"line":73,"column":12},"end":{"line":87,"column":4}},"30":{"start":{"line":75,"column":4},"end":{"line":78,"column":7}},"31":{"start":{"line":76,"column":6},"end":{"line":76,"column":30}},"32":{"start":{"line":77,"column":6},"end":{"line":77,"column":15}},"33":{"start":{"line":79,"column":4},"end":{"line":81,"column":7}},"34":{"start":{"line":80,"column":6},"end":{"line":80,"column":30}},"35":{"start":{"line":82,"column":4},"end":{"line":82,"column":14}},"36":{"start":{"line":83,"column":4},"end":{"line":85,"column":5}},"37":{"start":{"line":84,"column":6},"end":{"line":84,"column":28}},"38":{"start":{"line":89,"column":2},"end":{"line":91,"column":5}},"39":{"start":{"line":90,"column":4},"end":{"line":90,"column":21}},"40":{"start":{"line":93,"column":2},"end":{"line":93,"column":22}},"41":{"start":{"line":94,"column":2},"end":{"line":94,"column":12}},"42":{"start":{"line":97,"column":2},"end":{"line":97,"column":12}},"43":{"start":{"line":98,"column":2},"end":{"line":98,"column":11}}},"fnMap":{"0":{"name":"(anonymous_0)","decl":{"start":{"line":13,"column":19},"end":{"line":13,"column":20}},"loc":{"start":{"line":13,"column":39},"end":{"line":19,"column":3}},"line":13},"1":{"name":"(anonymous_1)","decl":{"start":{"line":23,"column":22},"end":{"line":23,"column":23}},"loc":{"start":{"line":23,"column":42},"end":{"line":56,"column":3}},"line":23},"2":{"name":"(anonymous_2)","decl":{"start":{"line":30,"column":35},"end":{"line":30,"column":36}},"loc":{"start":{"line":30,"column":45},"end":{"line":44,"column":3}},"line":30},"3":{"name":"(anonymous_3)","decl":{"start":{"line":32,"column":20},"end":{"line":32,"column":21}},"loc":{"start":{"line":32,"column":27},"end":{"line":35,"column":5}},"line":32},"4":{"name":"(anonymous_4)","decl":{"start":{"line":36,"column":19},"end":{"line":36,"column":20}},"loc":{"start":{"line":36,"column":24},"end":{"line":38,"column":5}},"line":36},"5":{"name":"(anonymous_5)","decl":{"start":{"line":46,"column":18},"end":{"line":46,"column":19}},"loc":{"start":{"line":46,"column":25},"end":{"line":48,"column":3}},"line":46},"6":{"name":"(anonymous_6)","decl":{"start":{"line":58,"column":24},"end":{"line":58,"column":25}},"loc":{"start":{"line":58,"column":44},"end":{"line":64,"column":3}},"line":58},"7":{"name":"(anonymous_7)","decl":{"start":{"line":65,"column":22},"end":{"line":65,"column":23}},"loc":{"start":{"line":65,"column":42},"end":{"line":100,"column":1}},"line":65},"8":{"name":"(anonymous_8)","decl":{"start":{"line":73,"column":35},"end":{"line":73,"column":36}},"loc":{"start":{"line":73,"column":45},"end":{"line":87,"column":3}},"line":73},"9":{"name":"(anonymous_9)","decl":{"start":{"line":75,"column":20},"end":{"line":75,"column":21}},"loc":{"start":{"line":75,"column":27},"end":{"line":78,"column":5}},"line":75},"10":{"name":"(anonymous_10)","decl":{"start":{"line":79,"column":19},"end":{"line":79,"column":20}},"loc":{"start":{"line":79,"column":24},"end":{"line":81,"column":5}},"line":79},"11":{"name":"(anonymous_11)","decl":{"start":{"line":89,"column":18},"end":{"line":89,"column":19}},"loc":{"start":{"line":89,"column":25},"end":{"line":91,"column":3}},"line":89}},"branchMap":{"0":{"loc":{"start":{"line":40,"column":4},"end":{"line":42,"column":5}},"type":"if","locations":[{"start":{"line":40,"column":4},"end":{"line":42,"column":5}},{"start":{},"end":{}}],"line":40},"1":{"loc":{"start":{"line":83,"column":4},"end":{"line":85,"column":5}},"type":"if","locations":[{"start":{"line":83,"column":4},"end":{"line":85,"column":5}},{"start":{},"end":{}}],"line":83}},"s":{"0":1,"1":1,"2":1,"3":1,"4":1,"5":1,"6":1,"7":1,"8":0,"9":0,"10":0,"11":0,"12":0,"13":0,"14":0,"15":0,"16":0,"17":0,"18":0,"19":0,"20":0,"21":0,"22":0,"23":0,"24":1,"25":1,"26":1,"27":1,"28":1,"29":1,"30":1,"31":1,"32":1,"33":1,"34":1,"35":1,"36":1,"37":0,"38":1,"39":0,"40":1,"41":1,"42":1,"43":1},"f":{"0":1,"1":0,"2":0,"3":0,"4":0,"5":0,"6":1,"7":1,"8":1,"9":1,"10":1,"11":0},"b":{"0":[0,0],"1":[0,1]},"_coverageSchema":"1a1c01bbd47fc00a2c39e90264f33305004495a9","hash":"6b3c4c7df7279f7e1a6e4c7a97b6ae5fc7a0e60f"}
,"C:\\Users\\hakan\\Desktop\\Alibazon\\controllers\\categories.js": {"path":"C:\\Users\\hakan\\Desktop\\Alibazon\\controllers\\categories.js","statementMap":{"0":{"start":{"line":1,"column":14},"end":{"line":1,"column":30}},"1":{"start":{"line":2,"column":19},"end":{"line":2,"column":50}},"2":{"start":{"line":4,"column":18},"end":{"line":4,"column":80}},"3":{"start":{"line":5,"column":16},"end":{"line":10,"column":1}},"4":{"start":{"line":12,"column":11},"end":{"line":12,"column":13}},"5":{"start":{"line":13,"column":20},"end":{"line":13,"column":22}},"6":{"start":{"line":14,"column":0},"end":{"line":50,"column":1}},"7":{"start":{"line":16,"column":16},"end":{"line":16,"column":37}},"8":{"start":{"line":17,"column":2},"end":{"line":17,"column":78}},"9":{"start":{"line":19,"column":2},"end":{"line":48,"column":5}},"10":{"start":{"line":21,"column":4},"end":{"line":24,"column":7}},"11":{"start":{"line":23,"column":6},"end":{"line":23,"column":20}},"12":{"start":{"line":26,"column":4},"end":{"line":47,"column":7}},"13":{"start":{"line":28,"column":6},"end":{"line":28,"column":30}},"14":{"start":{"line":29,"column":6},"end":{"line":37,"column":7}},"15":{"start":{"line":29,"column":19},"end":{"line":29,"column":20}},"16":{"start":{"line":31,"column":23},"end":{"line":31,"column":151}},"17":{"start":{"line":33,"column":8},"end":{"line":36,"column":9}},"18":{"start":{"line":35,"column":10},"end":{"line":35,"column":38}},"19":{"start":{"line":38,"column":6},"end":{"line":43,"column":9}},"20":{"start":{"line":45,"column":6},"end":{"line":45,"column":16}},"21":{"start":{"line":46,"column":6},"end":{"line":46,"column":25}}},"fnMap":{"0":{"name":"(anonymous_0)","decl":{"start":{"line":14,"column":25},"end":{"line":14,"column":26}},"loc":{"start":{"line":15,"column":0},"end":{"line":50,"column":1}},"line":15},"1":{"name":"(anonymous_1)","decl":{"start":{"line":19,"column":21},"end":{"line":19,"column":22}},"loc":{"start":{"line":20,"column":2},"end":{"line":48,"column":3}},"line":20},"2":{"name":"(anonymous_2)","decl":{"start":{"line":21,"column":20},"end":{"line":21,"column":21}},"loc":{"start":{"line":22,"column":4},"end":{"line":24,"column":5}},"line":22},"3":{"name":"(anonymous_3)","decl":{"start":{"line":26,"column":19},"end":{"line":26,"column":20}},"loc":{"start":{"line":27,"column":4},"end":{"line":47,"column":5}},"line":27}},"branchMap":{"0":{"loc":{"start":{"line":33,"column":8},"end":{"line":36,"column":9}},"type":"if","locations":[{"start":{"line":33,"column":8},"end":{"line":36,"column":9}},{"start":{},"end":{}}],"line":33}},"s":{"0":1,"1":1,"2":1,"3":1,"4":1,"5":1,"6":1,"7":2,"8":2,"9":2,"10":2,"11":2,"12":2,"13":2,"14":2,"15":2,"16":5,"17":5,"18":4,"19":2,"20":2,"21":2},"f":{"0":2,"1":2,"2":2,"3":2},"b":{"0":[4,1]},"_coverageSchema":"1a1c01bbd47fc00a2c39e90264f33305004495a9","hash":"adaeabcdab279db423e28f6b5c535c356e28fd3b"}
,"C:\\Users\\hakan\\Desktop\\Alibazon\\controllers\\home.js": {"path":"C:\\Users\\hakan\\Desktop\\Alibazon\\controllers\\home.js","statementMap":{"0":{"start":{"line":1,"column":14},"end":{"line":1,"column":30}},"1":{"start":{"line":2,"column":19},"end":{"line":2,"column":50}},"2":{"start":{"line":4,"column":18},"end":{"line":4,"column":80}},"3":{"start":{"line":5,"column":16},"end":{"line":10,"column":1}},"4":{"start":{"line":13,"column":9},"end":{"line":13,"column":11}},"5":{"start":{"line":14,"column":20},"end":{"line":14,"column":22}},"6":{"start":{"line":15,"column":0},"end":{"line":46,"column":2}},"7":{"start":{"line":17,"column":2},"end":{"line":45,"column":5}},"8":{"start":{"line":18,"column":4},"end":{"line":20,"column":7}},"9":{"start":{"line":19,"column":6},"end":{"line":19,"column":20}},"10":{"start":{"line":22,"column":4},"end":{"line":43,"column":7}},"11":{"start":{"line":23,"column":6},"end":{"line":23,"column":30}},"12":{"start":{"line":24,"column":6},"end":{"line":33,"column":7}},"13":{"start":{"line":24,"column":19},"end":{"line":24,"column":20}},"14":{"start":{"line":25,"column":8},"end":{"line":31,"column":9}},"15":{"start":{"line":26,"column":25},"end":{"line":26,"column":153}},"16":{"start":{"line":28,"column":10},"end":{"line":30,"column":11}},"17":{"start":{"line":29,"column":12},"end":{"line":29,"column":40}},"18":{"start":{"line":34,"column":6},"end":{"line":38,"column":9}},"19":{"start":{"line":40,"column":6},"end":{"line":40,"column":15}},"20":{"start":{"line":41,"column":6},"end":{"line":41,"column":25}}},"fnMap":{"0":{"name":"(anonymous_0)","decl":{"start":{"line":15,"column":30},"end":{"line":15,"column":31}},"loc":{"start":{"line":15,"column":44},"end":{"line":46,"column":1}},"line":15},"1":{"name":"(anonymous_1)","decl":{"start":{"line":17,"column":20},"end":{"line":17,"column":21}},"loc":{"start":{"line":17,"column":27},"end":{"line":45,"column":3}},"line":17},"2":{"name":"(anonymous_2)","decl":{"start":{"line":18,"column":20},"end":{"line":18,"column":21}},"loc":{"start":{"line":18,"column":31},"end":{"line":20,"column":5}},"line":18},"3":{"name":"(anonymous_3)","decl":{"start":{"line":22,"column":19},"end":{"line":22,"column":20}},"loc":{"start":{"line":22,"column":24},"end":{"line":43,"column":5}},"line":22}},"branchMap":{"0":{"loc":{"start":{"line":25,"column":8},"end":{"line":31,"column":9}},"type":"if","locations":[{"start":{"line":25,"column":8},"end":{"line":31,"column":9}},{"start":{},"end":{}}],"line":25},"1":{"loc":{"start":{"line":25,"column":11},"end":{"line":25,"column":87}},"type":"binary-expr","locations":[{"start":{"line":25,"column":11},"end":{"line":25,"column":46}},{"start":{"line":25,"column":50},"end":{"line":25,"column":87}}],"line":25},"2":{"loc":{"start":{"line":28,"column":10},"end":{"line":30,"column":11}},"type":"if","locations":[{"start":{"line":28,"column":10},"end":{"line":30,"column":11}},{"start":{},"end":{}}],"line":28}},"s":{"0":1,"1":1,"2":1,"3":1,"4":1,"5":1,"6":1,"7":1,"8":1,"9":1,"10":1,"11":1,"12":1,"13":1,"14":26,"15":5,"16":5,"17":4,"18":1,"19":1,"20":1},"f":{"0":1,"1":1,"2":1,"3":1},"b":{"0":[5,21],"1":[26,24],"2":[4,1]},"_coverageSchema":"1a1c01bbd47fc00a2c39e90264f33305004495a9","hash":"8e9597add7dae9da79d112ddd9d66016c83fbcdd"}
,"C:\\Users\\hakan\\Desktop\\Alibazon\\controllers\\products.js": {"path":"C:\\Users\\hakan\\Desktop\\Alibazon\\controllers\\products.js","statementMap":{"0":{"start":{"line":1,"column":14},"end":{"line":1,"column":30}},"1":{"start":{"line":2,"column":17},"end":{"line":2,"column":46}},"2":{"start":{"line":4,"column":18},"end":{"line":4,"column":80}},"3":{"start":{"line":5,"column":16},"end":{"line":10,"column":1}},"4":{"start":{"line":12,"column":9},"end":{"line":12,"column":11}},"5":{"start":{"line":13,"column":19},"end":{"line":13,"column":21}},"6":{"start":{"line":15,"column":0},"end":{"line":43,"column":1}},"7":{"start":{"line":16,"column":19},"end":{"line":16,"column":39}},"8":{"start":{"line":17,"column":4},"end":{"line":17,"column":84}},"9":{"start":{"line":19,"column":4},"end":{"line":42,"column":7}},"10":{"start":{"line":20,"column":8},"end":{"line":22,"column":11}},"11":{"start":{"line":21,"column":10},"end":{"line":21,"column":24}},"12":{"start":{"line":24,"column":8},"end":{"line":41,"column":11}},"13":{"start":{"line":25,"column":10},"end":{"line":25,"column":34}},"14":{"start":{"line":26,"column":10},"end":{"line":30,"column":11}},"15":{"start":{"line":26,"column":23},"end":{"line":26,"column":24}},"16":{"start":{"line":27,"column":26},"end":{"line":28,"column":151}},"17":{"start":{"line":29,"column":12},"end":{"line":29,"column":39}},"18":{"start":{"line":32,"column":10},"end":{"line":37,"column":13}},"19":{"start":{"line":39,"column":10},"end":{"line":39,"column":19}},"20":{"start":{"line":40,"column":10},"end":{"line":40,"column":28}}},"fnMap":{"0":{"name":"(anonymous_0)","decl":{"start":{"line":15,"column":21},"end":{"line":15,"column":22}},"loc":{"start":{"line":15,"column":33},"end":{"line":43,"column":1}},"line":15},"1":{"name":"(anonymous_1)","decl":{"start":{"line":19,"column":22},"end":{"line":19,"column":23}},"loc":{"start":{"line":19,"column":29},"end":{"line":42,"column":5}},"line":19},"2":{"name":"(anonymous_2)","decl":{"start":{"line":20,"column":24},"end":{"line":20,"column":25}},"loc":{"start":{"line":20,"column":35},"end":{"line":22,"column":9}},"line":20},"3":{"name":"(anonymous_3)","decl":{"start":{"line":24,"column":23},"end":{"line":24,"column":24}},"loc":{"start":{"line":24,"column":28},"end":{"line":41,"column":9}},"line":24}},"branchMap":{},"s":{"0":1,"1":1,"2":1,"3":1,"4":1,"5":1,"6":1,"7":1,"8":1,"9":1,"10":1,"11":1,"12":1,"13":1,"14":1,"15":1,"16":1,"17":1,"18":1,"19":1,"20":1},"f":{"0":1,"1":1,"2":1,"3":1},"b":{},"_coverageSchema":"1a1c01bbd47fc00a2c39e90264f33305004495a9","hash":"5a072dd3170064c0fafa13370803f6df970f784c"}
,"C:\\Users\\hakan\\Desktop\\Alibazon\\controllers\\subcategory.js": {"path":"C:\\Users\\hakan\\Desktop\\Alibazon\\controllers\\subcategory.js","statementMap":{"0":{"start":{"line":1,"column":14},"end":{"line":1,"column":30}},"1":{"start":{"line":2,"column":19},"end":{"line":2,"column":50}},"2":{"start":{"line":4,"column":18},"end":{"line":4,"column":80}},"3":{"start":{"line":5,"column":16},"end":{"line":10,"column":1}},"4":{"start":{"line":13,"column":9},"end":{"line":13,"column":11}},"5":{"start":{"line":14,"column":20},"end":{"line":14,"column":22}},"6":{"start":{"line":15,"column":0},"end":{"line":44,"column":1}},"7":{"start":{"line":16,"column":18},"end":{"line":16,"column":39}},"8":{"start":{"line":17,"column":4},"end":{"line":17,"column":74}},"9":{"start":{"line":19,"column":4},"end":{"line":43,"column":7}},"10":{"start":{"line":20,"column":8},"end":{"line":22,"column":11}},"11":{"start":{"line":21,"column":10},"end":{"line":21,"column":24}},"12":{"start":{"line":24,"column":8},"end":{"line":42,"column":11}},"13":{"start":{"line":25,"column":10},"end":{"line":25,"column":34}},"14":{"start":{"line":26,"column":10},"end":{"line":31,"column":11}},"15":{"start":{"line":26,"column":23},"end":{"line":26,"column":24}},"16":{"start":{"line":27,"column":27},"end":{"line":27,"column":155}},"17":{"start":{"line":28,"column":12},"end":{"line":30,"column":13}},"18":{"start":{"line":29,"column":14},"end":{"line":29,"column":42}},"19":{"start":{"line":33,"column":10},"end":{"line":38,"column":13}},"20":{"start":{"line":40,"column":10},"end":{"line":40,"column":19}},"21":{"start":{"line":41,"column":10},"end":{"line":41,"column":29}}},"fnMap":{"0":{"name":"(anonymous_0)","decl":{"start":{"line":15,"column":25},"end":{"line":15,"column":26}},"loc":{"start":{"line":15,"column":37},"end":{"line":44,"column":1}},"line":15},"1":{"name":"(anonymous_1)","decl":{"start":{"line":19,"column":22},"end":{"line":19,"column":23}},"loc":{"start":{"line":19,"column":29},"end":{"line":43,"column":5}},"line":19},"2":{"name":"(anonymous_2)","decl":{"start":{"line":20,"column":24},"end":{"line":20,"column":25}},"loc":{"start":{"line":20,"column":35},"end":{"line":22,"column":9}},"line":20},"3":{"name":"(anonymous_3)","decl":{"start":{"line":24,"column":23},"end":{"line":24,"column":24}},"loc":{"start":{"line":24,"column":28},"end":{"line":42,"column":9}},"line":24}},"branchMap":{"0":{"loc":{"start":{"line":28,"column":12},"end":{"line":30,"column":13}},"type":"if","locations":[{"start":{"line":28,"column":12},"end":{"line":30,"column":13}},{"start":{},"end":{}}],"line":28}},"s":{"0":1,"1":1,"2":1,"3":1,"4":1,"5":1,"6":1,"7":2,"8":2,"9":2,"10":2,"11":2,"12":2,"13":2,"14":2,"15":2,"16":11,"17":11,"18":9,"19":2,"20":2,"21":2},"f":{"0":2,"1":2,"2":2,"3":2},"b":{"0":[9,2]},"_coverageSchema":"1a1c01bbd47fc00a2c39e90264f33305004495a9","hash":"e4c1110729eb6a35eebec5cacb45d874ca8b1441"}
,"C:\\Users\\hakan\\Desktop\\Alibazon\\controllers\\subcategoryDetail.js": {"path":"C:\\Users\\hakan\\Desktop\\Alibazon\\controllers\\subcategoryDetail.js","statementMap":{"0":{"start":{"line":1,"column":14},"end":{"line":1,"column":30}},"1":{"start":{"line":2,"column":17},"end":{"line":2,"column":46}},"2":{"start":{"line":4,"column":18},"end":{"line":4,"column":80}},"3":{"start":{"line":5,"column":16},"end":{"line":10,"column":1}},"4":{"start":{"line":12,"column":9},"end":{"line":12,"column":11}},"5":{"start":{"line":13,"column":19},"end":{"line":13,"column":21}},"6":{"start":{"line":15,"column":0},"end":{"line":42,"column":1}},"7":{"start":{"line":16,"column":18},"end":{"line":16,"column":39}},"8":{"start":{"line":17,"column":4},"end":{"line":17,"column":100}},"9":{"start":{"line":19,"column":4},"end":{"line":41,"column":7}},"10":{"start":{"line":20,"column":8},"end":{"line":22,"column":11}},"11":{"start":{"line":21,"column":10},"end":{"line":21,"column":24}},"12":{"start":{"line":24,"column":8},"end":{"line":40,"column":11}},"13":{"start":{"line":25,"column":10},"end":{"line":25,"column":34}},"14":{"start":{"line":26,"column":10},"end":{"line":30,"column":11}},"15":{"start":{"line":26,"column":23},"end":{"line":26,"column":24}},"16":{"start":{"line":27,"column":26},"end":{"line":28,"column":151}},"17":{"start":{"line":29,"column":12},"end":{"line":29,"column":39}},"18":{"start":{"line":31,"column":10},"end":{"line":36,"column":13}},"19":{"start":{"line":38,"column":10},"end":{"line":38,"column":19}},"20":{"start":{"line":39,"column":10},"end":{"line":39,"column":28}}},"fnMap":{"0":{"name":"(anonymous_0)","decl":{"start":{"line":15,"column":22},"end":{"line":15,"column":23}},"loc":{"start":{"line":15,"column":34},"end":{"line":42,"column":1}},"line":15},"1":{"name":"(anonymous_1)","decl":{"start":{"line":19,"column":22},"end":{"line":19,"column":23}},"loc":{"start":{"line":19,"column":29},"end":{"line":41,"column":5}},"line":19},"2":{"name":"(anonymous_2)","decl":{"start":{"line":20,"column":24},"end":{"line":20,"column":25}},"loc":{"start":{"line":20,"column":35},"end":{"line":22,"column":9}},"line":20},"3":{"name":"(anonymous_3)","decl":{"start":{"line":24,"column":23},"end":{"line":24,"column":24}},"loc":{"start":{"line":24,"column":28},"end":{"line":40,"column":9}},"line":24}},"branchMap":{},"s":{"0":1,"1":1,"2":1,"3":1,"4":1,"5":1,"6":1,"7":2,"8":2,"9":2,"10":2,"11":23,"12":2,"13":2,"14":2,"15":2,"16":31,"17":31,"18":2,"19":2,"20":2},"f":{"0":2,"1":2,"2":23,"3":2},"b":{},"_coverageSchema":"1a1c01bbd47fc00a2c39e90264f33305004495a9","hash":"123d41aed7b0ad576ba4ed8e7953f8aeff6233d7"}
,"C:\\Users\\hakan\\Desktop\\Alibazon\\models\\categories.js": {"path":"C:\\Users\\hakan\\Desktop\\Alibazon\\models\\categories.js","statementMap":{"0":{"start":{"line":3,"column":8},"end":{"line":3,"column":26}},"1":{"start":{"line":4,"column":8},"end":{"line":4,"column":22}},"2":{"start":{"line":5,"column":8},"end":{"line":5,"column":21}},"3":{"start":{"line":6,"column":8},"end":{"line":6,"column":25}},"4":{"start":{"line":7,"column":8},"end":{"line":7,"column":49}},"5":{"start":{"line":8,"column":8},"end":{"line":8,"column":37}},"6":{"start":{"line":9,"column":8},"end":{"line":9,"column":53}},"7":{"start":{"line":12,"column":0},"end":{"line":12,"column":27}}},"fnMap":{"0":{"name":"(anonymous_0)","decl":{"start":{"line":2,"column":4},"end":{"line":2,"column":5}},"loc":{"start":{"line":2,"column":87},"end":{"line":10,"column":5}},"line":2}},"branchMap":{},"s":{"0":21,"1":21,"2":21,"3":21,"4":21,"5":21,"6":21,"7":1},"f":{"0":21},"b":{},"_coverageSchema":"1a1c01bbd47fc00a2c39e90264f33305004495a9","hash":"e222e748353d2f593334c76b76019e9533f9fa19"}
,"C:\\Users\\hakan\\Desktop\\Alibazon\\models\\products.js": {"path":"C:\\Users\\hakan\\Desktop\\Alibazon\\models\\products.js","statementMap":{"0":{"start":{"line":3,"column":8},"end":{"line":3,"column":33}},"1":{"start":{"line":4,"column":8},"end":{"line":4,"column":21}},"2":{"start":{"line":5,"column":8},"end":{"line":5,"column":41}},"3":{"start":{"line":6,"column":8},"end":{"line":6,"column":49}},"4":{"start":{"line":7,"column":8},"end":{"line":7,"column":29}},"5":{"start":{"line":8,"column":8},"end":{"line":8,"column":25}},"6":{"start":{"line":9,"column":8},"end":{"line":9,"column":35}},"7":{"start":{"line":10,"column":8},"end":{"line":10,"column":49}},"8":{"start":{"line":11,"column":8},"end":{"line":11,"column":37}},"9":{"start":{"line":12,"column":8},"end":{"line":12,"column":27}},"10":{"start":{"line":13,"column":8},"end":{"line":13,"column":35}},"11":{"start":{"line":14,"column":8},"end":{"line":14,"column":55}},"12":{"start":{"line":15,"column":8},"end":{"line":15,"column":51}},"13":{"start":{"line":18,"column":0},"end":{"line":18,"column":26}}},"fnMap":{"0":{"name":"(anonymous_0)","decl":{"start":{"line":2,"column":4},"end":{"line":2,"column":5}},"loc":{"start":{"line":2,"column":174},"end":{"line":16,"column":5}},"line":2}},"branchMap":{},"s":{"0":32,"1":32,"2":32,"3":32,"4":32,"5":32,"6":32,"7":32,"8":32,"9":32,"10":32,"11":32,"12":32,"13":1},"f":{"0":32},"b":{},"_coverageSchema":"1a1c01bbd47fc00a2c39e90264f33305004495a9","hash":"05aa8fc62d14b4bf2b4e8247a9132b5008f8d491"}
,"C:\\Users\\hakan\\Desktop\\Alibazon\\routes\\auth.js": {"path":"C:\\Users\\hakan\\Desktop\\Alibazon\\routes\\auth.js","statementMap":{"0":{"start":{"line":1,"column":16},"end":{"line":1,"column":34}},"1":{"start":{"line":3,"column":23},"end":{"line":3,"column":53}},"2":{"start":{"line":5,"column":15},"end":{"line":5,"column":31}},"3":{"start":{"line":7,"column":0},"end":{"line":7,"column":41}},"4":{"start":{"line":8,"column":0},"end":{"line":8,"column":43}},"5":{"start":{"line":10,"column":0},"end":{"line":10,"column":24}}},"fnMap":{},"branchMap":{},"s":{"0":1,"1":1,"2":1,"3":1,"4":1,"5":1},"f":{},"b":{},"_coverageSchema":"1a1c01bbd47fc00a2c39e90264f33305004495a9","hash":"b98ed9455a85bc4b5c0323f4b66da7cdfe8a9ea3"}
,"C:\\Users\\hakan\\Desktop\\Alibazon\\routes\\categories.js": {"path":"C:\\Users\\hakan\\Desktop\\Alibazon\\routes\\categories.js","statementMap":{"0":{"start":{"line":1,"column":16},"end":{"line":1,"column":34}},"1":{"start":{"line":2,"column":16},"end":{"line":2,"column":32}},"2":{"start":{"line":3,"column":30},"end":{"line":3,"column":66}},"3":{"start":{"line":5,"column":0},"end":{"line":5,"column":65}},"4":{"start":{"line":7,"column":0},"end":{"line":7,"column":24}}},"fnMap":{},"branchMap":{},"s":{"0":1,"1":1,"2":1,"3":1,"4":1},"f":{},"b":{},"_coverageSchema":"1a1c01bbd47fc00a2c39e90264f33305004495a9","hash":"191b94dc64a5c00c9add0f1938099c6782b0f1dc"}
,"C:\\Users\\hakan\\Desktop\\Alibazon\\routes\\home.js": {"path":"C:\\Users\\hakan\\Desktop\\Alibazon\\routes\\home.js","statementMap":{"0":{"start":{"line":1,"column":16},"end":{"line":1,"column":34}},"1":{"start":{"line":2,"column":16},"end":{"line":2,"column":32}},"2":{"start":{"line":3,"column":23},"end":{"line":3,"column":53}},"3":{"start":{"line":5,"column":0},"end":{"line":5,"column":52}},"4":{"start":{"line":6,"column":0},"end":{"line":6,"column":24}}},"fnMap":{},"branchMap":{},"s":{"0":1,"1":1,"2":1,"3":1,"4":1},"f":{},"b":{},"_coverageSchema":"1a1c01bbd47fc00a2c39e90264f33305004495a9","hash":"ccf8aa0756e195538e943f09be4b0a01995e20f8"}
,"C:\\Users\\hakan\\Desktop\\Alibazon\\routes\\products.js": {"path":"C:\\Users\\hakan\\Desktop\\Alibazon\\routes\\products.js","statementMap":{"0":{"start":{"line":1,"column":16},"end":{"line":1,"column":34}},"1":{"start":{"line":2,"column":16},"end":{"line":2,"column":32}},"2":{"start":{"line":3,"column":26},"end":{"line":3,"column":60}},"3":{"start":{"line":5,"column":0},"end":{"line":5,"column":56}},"4":{"start":{"line":8,"column":0},"end":{"line":8,"column":24}}},"fnMap":{},"branchMap":{},"s":{"0":1,"1":1,"2":1,"3":1,"4":1},"f":{},"b":{},"_coverageSchema":"1a1c01bbd47fc00a2c39e90264f33305004495a9","hash":"af83863b2af65f084a2b1471d3acb4153c2def55"}
,"C:\\Users\\hakan\\Desktop\\Alibazon\\routes\\register.js": {"path":"C:\\Users\\hakan\\Desktop\\Alibazon\\routes\\register.js","statementMap":{"0":{"start":{"line":1,"column":16},"end":{"line":1,"column":34}},"1":{"start":{"line":3,"column":23},"end":{"line":3,"column":53}},"2":{"start":{"line":5,"column":15},"end":{"line":5,"column":31}},"3":{"start":{"line":7,"column":0},"end":{"line":7,"column":44}},"4":{"start":{"line":8,"column":0},"end":{"line":8,"column":46}},"5":{"start":{"line":10,"column":0},"end":{"line":10,"column":24}}},"fnMap":{},"branchMap":{},"s":{"0":1,"1":1,"2":1,"3":1,"4":1,"5":1},"f":{},"b":{},"_coverageSchema":"1a1c01bbd47fc00a2c39e90264f33305004495a9","hash":"9226e5206036ab987ba65f3706d3b470719a6cb5"}
,"C:\\Users\\hakan\\Desktop\\Alibazon\\routes\\subcategory.js": {"path":"C:\\Users\\hakan\\Desktop\\Alibazon\\routes\\subcategory.js","statementMap":{"0":{"start":{"line":1,"column":16},"end":{"line":1,"column":34}},"1":{"start":{"line":2,"column":16},"end":{"line":2,"column":32}},"2":{"start":{"line":3,"column":30},"end":{"line":3,"column":67}},"3":{"start":{"line":5,"column":0},"end":{"line":5,"column":65}},"4":{"start":{"line":8,"column":0},"end":{"line":8,"column":24}}},"fnMap":{},"branchMap":{},"s":{"0":1,"1":1,"2":1,"3":1,"4":1},"f":{},"b":{},"_coverageSchema":"1a1c01bbd47fc00a2c39e90264f33305004495a9","hash":"7545c17dfbbf91aff5edc5a945e3046f315abfb4"}
,"C:\\Users\\hakan\\Desktop\\Alibazon\\routes\\subcategoryDetail.js": {"path":"C:\\Users\\hakan\\Desktop\\Alibazon\\routes\\subcategoryDetail.js","statementMap":{"0":{"start":{"line":1,"column":16},"end":{"line":1,"column":34}},"1":{"start":{"line":2,"column":16},"end":{"line":2,"column":32}},"2":{"start":{"line":3,"column":30},"end":{"line":3,"column":73}},"3":{"start":{"line":5,"column":0},"end":{"line":5,"column":62}},"4":{"start":{"line":8,"column":0},"end":{"line":8,"column":24}}},"fnMap":{},"branchMap":{},"s":{"0":1,"1":1,"2":1,"3":1,"4":1},"f":{},"b":{},"_coverageSchema":"1a1c01bbd47fc00a2c39e90264f33305004495a9","hash":"08d141eacce8287afce91ace2d1e188beeb2b8ac"}
}
